TN:
SF:src/App.jsx
FN:3,App
FNF:1
FNH:0
FNDA:0,App
DA:4,0
LF:1
LH:0
BRF:0
BRH:0
end_of_record
TN:
SF:src/components/SDLCOrdering.jsx
FN:31,SDLCOrdering
FN:32,(anonymous_1)
FN:38,handleDragEnd
FN:43,(anonymous_3)
FN:45,(anonymous_4)
FN:49,(anonymous_5)
FN:55,(anonymous_6)
FN:91,(anonymous_7)
FN:94,(anonymous_8)
FNF:9
FNH:4
FNDA:1,SDLCOrdering
FNDA:1,(anonymous_1)
FNDA:0,handleDragEnd
FNDA:0,(anonymous_3)
FNDA:0,(anonymous_4)
FNDA:0,(anonymous_5)
FNDA:0,(anonymous_6)
FNDA:8,(anonymous_7)
FNDA:8,(anonymous_8)
DA:20,1
DA:32,1
DA:36,1
DA:39,0
DA:41,0
DA:43,0
DA:44,0
DA:45,0
DA:48,0
DA:49,0
DA:52,0
DA:54,0
DA:55,0
DA:58,0
DA:59,0
DA:66,0
DA:68,0
DA:72,1
DA:91,8
DA:94,8
LF:20
LH:6
BRDA:41,0,0,0
BRDA:41,0,1,0
BRDA:41,1,0,0
BRDA:41,1,1,0
BRDA:58,2,0,0
BRDA:58,2,1,0
BRDA:58,3,0,0
BRDA:58,3,1,0
BRDA:80,4,0,1
BRDA:80,4,1,0
BRF:10
BRH:1
end_of_record
TN:
SF:src/components/SortableItem.jsx
FN:4,SortableItem
FNF:1
FNH:1
FNDA:8,SortableItem
DA:11,8
DA:13,8
DA:23,8
LF:3
LH:3
BRF:0
BRH:0
end_of_record
TN:
SF:src/data/sdlcPhases.js
FNF:0
FNH:0
DA:1,1
LF:1
LH:1
BRF:0
BRH:0
end_of_record
TN:
SF:src/utils/reorder.js
FN:1,reorderItems
FN:2,(anonymous_1)
FN:3,(anonymous_2)
FNF:3
FNH:3
FNDA:4,reorderItems
FNDA:8,(anonymous_1)
FNDA:8,(anonymous_2)
DA:2,8
DA:3,8
DA:5,4
DA:7,3
DA:8,3
DA:9,3
DA:11,3
LF:7
LH:7
BRDA:5,0,0,1
BRDA:5,0,1,3
BRDA:5,1,0,4
BRDA:5,1,1,3
BRF:4
BRH:4
end_of_record
TN:
SF:src/utils/shuffle.js
FN:1,shuffle
FNF:1
FNH:1
FNDA:4,shuffle
DA:3,4
DA:5,4
DA:6,13
DA:8,13
DA:11,4
LF:5
LH:5
BRF:0
BRH:0
end_of_record
